{
  "stats": {
    "suites": 9,
    "tests": 9,
    "passes": 0,
    "pending": 0,
    "failures": 9,
    "start": "2022-12-03T20:05:21.320Z",
    "end": "2022-12-03T20:05:21.426Z",
    "duration": 106,
    "testsRegistered": 9,
    "passPercent": 0,
    "pendingPercent": 0,
    "other": 0,
    "hasOther": false,
    "skipped": 0,
    "hasSkipped": false
  },
  "results": [
    {
      "uuid": "2b551ad7-5b77-4f91-8f9b-9fcbcfe49094",
      "title": "",
      "fullFile": "",
      "file": "",
      "beforeHooks": [],
      "afterHooks": [
        {
          "title": "\"after all\" hook in \"{root}\"",
          "fullTitle": "\"after all\" hook in \"{root}\"",
          "timedOut": false,
          "duration": 1,
          "state": null,
          "speed": null,
          "pass": false,
          "fail": false,
          "pending": false,
          "context": null,
          "code": "done();",
          "err": {},
          "uuid": "0af8f3a8-3b3d-4e5f-8342-2dcf4770b09e",
          "parentUUID": "2b551ad7-5b77-4f91-8f9b-9fcbcfe49094",
          "isHook": true,
          "skipped": false
        }
      ],
      "tests": [],
      "suites": [
        {
          "uuid": "72de6d4d-1a93-4a99-8525-6c624b0ac1d5",
          "title": "POST /api/mekanlar",
          "fullFile": "/Users/busra/Desktop/mekanbul-1/test.js",
          "file": "/test.js",
          "beforeHooks": [],
          "afterHooks": [],
          "tests": [
            {
              "title": "Yeni mekan ekle:",
              "fullTitle": "POST /api/mekanlar Yeni mekan ekle:",
              "timedOut": false,
              "duration": 26,
              "state": "failed",
              "speed": null,
              "pass": false,
              "fail": true,
              "pending": false,
              "context": null,
              "code": "const response = await request.post(\"/api/mekanlar\").send({\n  ad: \"Starbucks\",\n  adres: \"Centrum Garden\",\n  puan: 5,\n  imkanlar: \"çay,kahve,pasta\",\n  enlem: 37.83226584629666,\n  boylam: 30.524732239878013,\n  gunler1: \"Pazartesi-Cuma\",\n  acilis1: \"9:00\",\n  kapanis1: \"23:00\",\n  kapali1: false,\n  gunler2: \"Cumartesi-Pazar\",\n  acilis2: \"11:00\",\n  kapanis2: \"17:00\",\n  kapali2: false,\n});\nexpect(response.status).to.eql(201);\nprocess.env.mekanid = response.body._id;",
              "err": {
                "message": "Error: ECONNREFUSED: Connection refused",
                "estack": "Error: ECONNREFUSED: Connection refused\n    at Test.assert (node_modules/supertest/lib/test.js:156:20)\n    at localAssert (node_modules/supertest/lib/test.js:120:14)\n    at /Users/busra/Desktop/mekanbul-1/node_modules/supertest/lib/test.js:125:7\n    at Test.Request.callback (node_modules/superagent/lib/node/index.js:866:3)\n    at ClientRequest.<anonymous> (node_modules/superagent/lib/node/index.js:788:10)\n    at ClientRequest.emit (node:events:513:28)\n    at Socket.socketErrorListener (node:_http_client:481:9)\n    at Socket.emit (node:events:513:28)\n    at emitErrorNT (node:internal/streams/destroy:157:8)\n    at emitErrorCloseNT (node:internal/streams/destroy:122:3)\n    at processTicksAndRejections (node:internal/process/task_queues:83:21)",
                "diff": null
              },
              "uuid": "dc59033f-3cbd-4b20-982e-1eb86f714abf",
              "parentUUID": "72de6d4d-1a93-4a99-8525-6c624b0ac1d5",
              "isHook": false,
              "skipped": false
            }
          ],
          "suites": [],
          "passes": [],
          "failures": [
            "dc59033f-3cbd-4b20-982e-1eb86f714abf"
          ],
          "pending": [],
          "skipped": [],
          "duration": 26,
          "root": false,
          "rootEmpty": false,
          "_timeout": 10000
        },
        {
          "uuid": "82c568f6-8f2e-41dd-aca4-b5728eecd72d",
          "title": "GET /api/mekanlar",
          "fullFile": "/Users/busra/Desktop/mekanbul-1/test.js",
          "file": "/test.js",
          "beforeHooks": [],
          "afterHooks": [],
          "tests": [
            {
              "title": "Girilen konum civarındaki tüm mekanları listele:",
              "fullTitle": "GET /api/mekanlar Girilen konum civarındaki tüm mekanları listele:",
              "timedOut": false,
              "duration": 4,
              "state": "failed",
              "speed": null,
              "pass": false,
              "fail": true,
              "pending": false,
              "context": null,
              "code": "const response = await request.get(\"/api/mekanlar?enlem=37&boylam=35\");\nexpect(response.status).to.eql(200);",
              "err": {
                "message": "Error: ECONNREFUSED: Connection refused",
                "estack": "Error: ECONNREFUSED: Connection refused\n    at Test.assert (node_modules/supertest/lib/test.js:156:20)\n    at localAssert (node_modules/supertest/lib/test.js:120:14)\n    at /Users/busra/Desktop/mekanbul-1/node_modules/supertest/lib/test.js:125:7\n    at Test.Request.callback (node_modules/superagent/lib/node/index.js:866:3)\n    at ClientRequest.<anonymous> (node_modules/superagent/lib/node/index.js:788:10)\n    at ClientRequest.emit (node:events:513:28)\n    at Socket.socketErrorListener (node:_http_client:481:9)\n    at Socket.emit (node:events:513:28)\n    at emitErrorNT (node:internal/streams/destroy:157:8)\n    at emitErrorCloseNT (node:internal/streams/destroy:122:3)\n    at processTicksAndRejections (node:internal/process/task_queues:83:21)",
                "diff": null
              },
              "uuid": "275f7867-53b4-4403-bb5e-e1bb6eca0ff1",
              "parentUUID": "82c568f6-8f2e-41dd-aca4-b5728eecd72d",
              "isHook": false,
              "skipped": false
            }
          ],
          "suites": [],
          "passes": [],
          "failures": [
            "275f7867-53b4-4403-bb5e-e1bb6eca0ff1"
          ],
          "pending": [],
          "skipped": [],
          "duration": 4,
          "root": false,
          "rootEmpty": false,
          "_timeout": 10000
        },
        {
          "uuid": "ce2fabaa-da2f-4c20-8a8a-79a2cdf2a833",
          "title": "GET /api/mekanlar/:mekanid",
          "fullFile": "/Users/busra/Desktop/mekanbul-1/test.js",
          "file": "/test.js",
          "beforeHooks": [],
          "afterHooks": [],
          "tests": [
            {
              "title": "Mekan getir:",
              "fullTitle": "GET /api/mekanlar/:mekanid Mekan getir:",
              "timedOut": false,
              "duration": 2,
              "state": "failed",
              "speed": null,
              "pass": false,
              "fail": true,
              "pending": false,
              "context": null,
              "code": "const response = await request.get(`/api/mekanlar/${process.env.mekanid}`);\nexpect(response.status).to.eql(200);",
              "err": {
                "message": "Error: ECONNREFUSED: Connection refused",
                "estack": "Error: ECONNREFUSED: Connection refused\n    at Test.assert (node_modules/supertest/lib/test.js:156:20)\n    at localAssert (node_modules/supertest/lib/test.js:120:14)\n    at /Users/busra/Desktop/mekanbul-1/node_modules/supertest/lib/test.js:125:7\n    at Test.Request.callback (node_modules/superagent/lib/node/index.js:866:3)\n    at ClientRequest.<anonymous> (node_modules/superagent/lib/node/index.js:788:10)\n    at ClientRequest.emit (node:events:513:28)\n    at Socket.socketErrorListener (node:_http_client:481:9)\n    at Socket.emit (node:events:513:28)\n    at emitErrorNT (node:internal/streams/destroy:157:8)\n    at emitErrorCloseNT (node:internal/streams/destroy:122:3)\n    at processTicksAndRejections (node:internal/process/task_queues:83:21)",
                "diff": null
              },
              "uuid": "c130bdd2-2e99-4373-9d23-acdefbb3d145",
              "parentUUID": "ce2fabaa-da2f-4c20-8a8a-79a2cdf2a833",
              "isHook": false,
              "skipped": false
            }
          ],
          "suites": [],
          "passes": [],
          "failures": [
            "c130bdd2-2e99-4373-9d23-acdefbb3d145"
          ],
          "pending": [],
          "skipped": [],
          "duration": 2,
          "root": false,
          "rootEmpty": false,
          "_timeout": 10000
        },
        {
          "uuid": "e73b0563-cbc7-4566-90aa-ca9bbe13f412",
          "title": "PUT /api/mekanlar/:mekanid",
          "fullFile": "/Users/busra/Desktop/mekanbul-1/test.js",
          "file": "/test.js",
          "beforeHooks": [],
          "afterHooks": [],
          "tests": [
            {
              "title": "Mekan Güncelle:",
              "fullTitle": "PUT /api/mekanlar/:mekanid Mekan Güncelle:",
              "timedOut": false,
              "duration": 4,
              "state": "failed",
              "speed": null,
              "pass": false,
              "fail": true,
              "pending": false,
              "context": null,
              "code": "const response = await request\n  .put(`/api/mekanlar/${process.env.mekanid}`)\n  .send({\n    ad: \"Starbucks SDÜ\",\n    adres: \"SDÜ Doğu Kampüsü\",\n    puan: 3,\n    imkanlar: \"çay,kahve,pasta,refresher\",\n    enlem: 37.8,\n    boylam: 30.5,\n    gunler1: \"Pazartesi-Cuma\",\n    acilis1: \"9:10\",\n    kapanis1: \"23:10\",\n    kapali1: true,\n    gunler2: \"Cumartesi-Pazar\",\n    acilis2: \"11:10\",\n    kapanis2: \"17:10\",\n    kapali2: true,\n  });\nexpect(response.status).to.eql(200);",
              "err": {
                "message": "Error: ECONNREFUSED: Connection refused",
                "estack": "Error: ECONNREFUSED: Connection refused\n    at Test.assert (node_modules/supertest/lib/test.js:156:20)\n    at localAssert (node_modules/supertest/lib/test.js:120:14)\n    at /Users/busra/Desktop/mekanbul-1/node_modules/supertest/lib/test.js:125:7\n    at Test.Request.callback (node_modules/superagent/lib/node/index.js:866:3)\n    at ClientRequest.<anonymous> (node_modules/superagent/lib/node/index.js:788:10)\n    at ClientRequest.emit (node:events:513:28)\n    at Socket.socketErrorListener (node:_http_client:481:9)\n    at Socket.emit (node:events:513:28)\n    at emitErrorNT (node:internal/streams/destroy:157:8)\n    at emitErrorCloseNT (node:internal/streams/destroy:122:3)\n    at processTicksAndRejections (node:internal/process/task_queues:83:21)",
                "diff": null
              },
              "uuid": "9d4f5b73-28fa-4a0b-b4cb-476111196b59",
              "parentUUID": "e73b0563-cbc7-4566-90aa-ca9bbe13f412",
              "isHook": false,
              "skipped": false
            }
          ],
          "suites": [],
          "passes": [],
          "failures": [
            "9d4f5b73-28fa-4a0b-b4cb-476111196b59"
          ],
          "pending": [],
          "skipped": [],
          "duration": 4,
          "root": false,
          "rootEmpty": false,
          "_timeout": 10000
        },
        {
          "uuid": "b11ec1a4-615e-46f3-93fe-b66ec1c17733",
          "title": "POST /api/mekanlar/:mekanid/yorumlar",
          "fullFile": "/Users/busra/Desktop/mekanbul-1/test.js",
          "file": "/test.js",
          "beforeHooks": [],
          "afterHooks": [],
          "tests": [
            {
              "title": "Yorum ekle:",
              "fullTitle": "POST /api/mekanlar/:mekanid/yorumlar Yorum ekle:",
              "timedOut": false,
              "duration": 5,
              "state": "failed",
              "speed": null,
              "pass": false,
              "fail": true,
              "pending": false,
              "context": null,
              "code": "const response = await request\n  .post(`/api/mekanlar/${process.env.mekanid}/yorumlar`)\n  .send({\n    yorumYapan: \"ASY\",\n    puan: 5,\n    yorumMetni: \"Kahveler harika\",\n  });\nprocess.env.yorumid = response.body._id;\nexpect(response.status).to.eql(201);",
              "err": {
                "message": "Error: ECONNREFUSED: Connection refused",
                "estack": "Error: ECONNREFUSED: Connection refused\n    at Test.assert (node_modules/supertest/lib/test.js:156:20)\n    at localAssert (node_modules/supertest/lib/test.js:120:14)\n    at /Users/busra/Desktop/mekanbul-1/node_modules/supertest/lib/test.js:125:7\n    at Test.Request.callback (node_modules/superagent/lib/node/index.js:866:3)\n    at ClientRequest.<anonymous> (node_modules/superagent/lib/node/index.js:788:10)\n    at ClientRequest.emit (node:events:513:28)\n    at Socket.socketErrorListener (node:_http_client:481:9)\n    at Socket.emit (node:events:513:28)\n    at emitErrorNT (node:internal/streams/destroy:157:8)\n    at emitErrorCloseNT (node:internal/streams/destroy:122:3)\n    at processTicksAndRejections (node:internal/process/task_queues:83:21)",
                "diff": null
              },
              "uuid": "44cd9a48-279c-4d3a-8dc6-62b1f1fa6fc6",
              "parentUUID": "b11ec1a4-615e-46f3-93fe-b66ec1c17733",
              "isHook": false,
              "skipped": false
            }
          ],
          "suites": [],
          "passes": [],
          "failures": [
            "44cd9a48-279c-4d3a-8dc6-62b1f1fa6fc6"
          ],
          "pending": [],
          "skipped": [],
          "duration": 5,
          "root": false,
          "rootEmpty": false,
          "_timeout": 10000
        },
        {
          "uuid": "795e8422-bec6-4e14-bc57-ea55f2fbde79",
          "title": "GET /api/mekanlar/:mekanid/yorumlar/:yorumid",
          "fullFile": "/Users/busra/Desktop/mekanbul-1/test.js",
          "file": "/test.js",
          "beforeHooks": [],
          "afterHooks": [],
          "tests": [
            {
              "title": "Yorum getir:",
              "fullTitle": "GET /api/mekanlar/:mekanid/yorumlar/:yorumid Yorum getir:",
              "timedOut": false,
              "duration": 5,
              "state": "failed",
              "speed": null,
              "pass": false,
              "fail": true,
              "pending": false,
              "context": null,
              "code": "const response = await request.get(\n  `/api/mekanlar/${process.env.mekanid}/yorumlar/${process.env.yorumid}`\n);\nexpect(response.status).to.eql(200);",
              "err": {
                "message": "Error: ECONNREFUSED: Connection refused",
                "estack": "Error: ECONNREFUSED: Connection refused\n    at Test.assert (node_modules/supertest/lib/test.js:156:20)\n    at localAssert (node_modules/supertest/lib/test.js:120:14)\n    at /Users/busra/Desktop/mekanbul-1/node_modules/supertest/lib/test.js:125:7\n    at Test.Request.callback (node_modules/superagent/lib/node/index.js:866:3)\n    at ClientRequest.<anonymous> (node_modules/superagent/lib/node/index.js:788:10)\n    at ClientRequest.emit (node:events:513:28)\n    at Socket.socketErrorListener (node:_http_client:481:9)\n    at Socket.emit (node:events:513:28)\n    at emitErrorNT (node:internal/streams/destroy:157:8)\n    at emitErrorCloseNT (node:internal/streams/destroy:122:3)\n    at processTicksAndRejections (node:internal/process/task_queues:83:21)",
                "diff": null
              },
              "uuid": "85645a82-5042-48a7-95f9-8fa6b56674d0",
              "parentUUID": "795e8422-bec6-4e14-bc57-ea55f2fbde79",
              "isHook": false,
              "skipped": false
            }
          ],
          "suites": [],
          "passes": [],
          "failures": [
            "85645a82-5042-48a7-95f9-8fa6b56674d0"
          ],
          "pending": [],
          "skipped": [],
          "duration": 5,
          "root": false,
          "rootEmpty": false,
          "_timeout": 10000
        },
        {
          "uuid": "f4f76d1c-2efe-4c20-9d13-ad018afa8ef1",
          "title": "PUT /api/mekanlar/:mekanid/yorumlar/:yorumid",
          "fullFile": "/Users/busra/Desktop/mekanbul-1/test.js",
          "file": "/test.js",
          "beforeHooks": [],
          "afterHooks": [],
          "tests": [
            {
              "title": "Yorum güncelle:",
              "fullTitle": "PUT /api/mekanlar/:mekanid/yorumlar/:yorumid Yorum güncelle:",
              "timedOut": false,
              "duration": 6,
              "state": "failed",
              "speed": null,
              "pass": false,
              "fail": true,
              "pending": false,
              "context": null,
              "code": "const response = await request\n  .put(\n    `/api/mekanlar/${process.env.mekanid}/yorumlar/${process.env.yorumid}`\n  )\n  .send({\n    yorumYapan: \"Sinan\",\n    puan: 4,\n    yorumMetni: \"Kahveler harikaaaa\",\n  });\nexpect(response.status).to.eql(200);",
              "err": {
                "message": "Error: ECONNREFUSED: Connection refused",
                "estack": "Error: ECONNREFUSED: Connection refused\n    at Test.assert (node_modules/supertest/lib/test.js:156:20)\n    at localAssert (node_modules/supertest/lib/test.js:120:14)\n    at /Users/busra/Desktop/mekanbul-1/node_modules/supertest/lib/test.js:125:7\n    at Test.Request.callback (node_modules/superagent/lib/node/index.js:866:3)\n    at ClientRequest.<anonymous> (node_modules/superagent/lib/node/index.js:788:10)\n    at ClientRequest.emit (node:events:513:28)\n    at Socket.socketErrorListener (node:_http_client:481:9)\n    at Socket.emit (node:events:513:28)\n    at emitErrorNT (node:internal/streams/destroy:157:8)\n    at emitErrorCloseNT (node:internal/streams/destroy:122:3)\n    at processTicksAndRejections (node:internal/process/task_queues:83:21)",
                "diff": null
              },
              "uuid": "ce1cfa0d-3539-4b16-beee-f1de5aa724ec",
              "parentUUID": "f4f76d1c-2efe-4c20-9d13-ad018afa8ef1",
              "isHook": false,
              "skipped": false
            }
          ],
          "suites": [],
          "passes": [],
          "failures": [
            "ce1cfa0d-3539-4b16-beee-f1de5aa724ec"
          ],
          "pending": [],
          "skipped": [],
          "duration": 6,
          "root": false,
          "rootEmpty": false,
          "_timeout": 10000
        },
        {
          "uuid": "c314fe9a-4438-4060-9456-7df69e37a148",
          "title": "DELETE /api/mekanlar/:mekanid/yorumlar/:yorumid",
          "fullFile": "/Users/busra/Desktop/mekanbul-1/test.js",
          "file": "/test.js",
          "beforeHooks": [],
          "afterHooks": [],
          "tests": [
            {
              "title": "Yorum sil:",
              "fullTitle": "DELETE /api/mekanlar/:mekanid/yorumlar/:yorumid Yorum sil:",
              "timedOut": false,
              "duration": 5,
              "state": "failed",
              "speed": null,
              "pass": false,
              "fail": true,
              "pending": false,
              "context": null,
              "code": "const response = await request.delete(\n  `/api/mekanlar/${process.env.mekanid}/yorumlar/${process.env.yorumid}`\n);\nexpect(response.status).to.eql(200);",
              "err": {
                "message": "Error: ECONNREFUSED: Connection refused",
                "estack": "Error: ECONNREFUSED: Connection refused\n    at Test.assert (node_modules/supertest/lib/test.js:156:20)\n    at localAssert (node_modules/supertest/lib/test.js:120:14)\n    at /Users/busra/Desktop/mekanbul-1/node_modules/supertest/lib/test.js:125:7\n    at Test.Request.callback (node_modules/superagent/lib/node/index.js:866:3)\n    at ClientRequest.<anonymous> (node_modules/superagent/lib/node/index.js:788:10)\n    at ClientRequest.emit (node:events:513:28)\n    at Socket.socketErrorListener (node:_http_client:481:9)\n    at Socket.emit (node:events:513:28)\n    at emitErrorNT (node:internal/streams/destroy:157:8)\n    at emitErrorCloseNT (node:internal/streams/destroy:122:3)\n    at processTicksAndRejections (node:internal/process/task_queues:83:21)",
                "diff": null
              },
              "uuid": "90b78b7d-275a-49c7-a692-37afb0f8b939",
              "parentUUID": "c314fe9a-4438-4060-9456-7df69e37a148",
              "isHook": false,
              "skipped": false
            }
          ],
          "suites": [],
          "passes": [],
          "failures": [
            "90b78b7d-275a-49c7-a692-37afb0f8b939"
          ],
          "pending": [],
          "skipped": [],
          "duration": 5,
          "root": false,
          "rootEmpty": false,
          "_timeout": 10000
        },
        {
          "uuid": "3d19a86e-32ae-443e-a511-cfc50d034b27",
          "title": "DELETE /api/mekanlar/:mekanid",
          "fullFile": "/Users/busra/Desktop/mekanbul-1/test.js",
          "file": "/test.js",
          "beforeHooks": [],
          "afterHooks": [],
          "tests": [
            {
              "title": "Mekan sil:",
              "fullTitle": "DELETE /api/mekanlar/:mekanid Mekan sil:",
              "timedOut": false,
              "duration": 7,
              "state": "failed",
              "speed": null,
              "pass": false,
              "fail": true,
              "pending": false,
              "context": null,
              "code": "const response = await request.delete(\n  `/api/mekanlar/${process.env.mekanid}`\n);\nexpect(response.status).to.eql(200);",
              "err": {
                "message": "Error: ECONNREFUSED: Connection refused",
                "estack": "Error: ECONNREFUSED: Connection refused\n    at Test.assert (node_modules/supertest/lib/test.js:156:20)\n    at localAssert (node_modules/supertest/lib/test.js:120:14)\n    at /Users/busra/Desktop/mekanbul-1/node_modules/supertest/lib/test.js:125:7\n    at Test.Request.callback (node_modules/superagent/lib/node/index.js:866:3)\n    at ClientRequest.<anonymous> (node_modules/superagent/lib/node/index.js:788:10)\n    at ClientRequest.emit (node:events:513:28)\n    at Socket.socketErrorListener (node:_http_client:481:9)\n    at Socket.emit (node:events:513:28)\n    at emitErrorNT (node:internal/streams/destroy:157:8)\n    at emitErrorCloseNT (node:internal/streams/destroy:122:3)\n    at processTicksAndRejections (node:internal/process/task_queues:83:21)",
                "diff": null
              },
              "uuid": "22dc37db-ae9a-41d0-9e47-154c5b542d20",
              "parentUUID": "3d19a86e-32ae-443e-a511-cfc50d034b27",
              "isHook": false,
              "skipped": false
            }
          ],
          "suites": [],
          "passes": [],
          "failures": [
            "22dc37db-ae9a-41d0-9e47-154c5b542d20"
          ],
          "pending": [],
          "skipped": [],
          "duration": 7,
          "root": false,
          "rootEmpty": false,
          "_timeout": 10000
        }
      ],
      "passes": [],
      "failures": [],
      "pending": [],
      "skipped": [],
      "duration": 0,
      "root": true,
      "rootEmpty": true,
      "_timeout": 10000
    }
  ],
  "meta": {
    "mocha": {
      "version": "10.1.0"
    },
    "mochawesome": {
      "options": {
        "quiet": false,
        "reportFilename": "mochawesome",
        "saveHtml": true,
        "saveJson": true,
        "consoleReporter": "spec",
        "useInlineDiffs": false,
        "code": true
      },
      "version": "7.1.3"
    },
    "marge": {
      "options": null,
      "version": "6.2.0"
    }
  }
}